
ROM used:   3834/32768 (12%)
            3834/32768 (12%) including unused fragments

            1.3 Average locations per line
            6.6 Average locations per statement

RAM used:   55/2048 (3%) at main() level
            92/2048 (4%) worst case

Stack used: 1 worst case (0 in main + 1 for interrupts)
Stack size: 31

Lines Stmts  %   Files
----- ----- ---  -----
   62    23   4  main.c
  877     0   0  C:\Program Files (x86)\PICC\Devices\18f4550.h
 1354   359  62  C:\Program Files (x86)\PICC\Drivers\stdlib.h
   32     0   0  C:\Program Files (x86)\PICC\Drivers\stddef.h
  435   129  22  C:\Program Files (x86)\PICC\Drivers\string.h
   28     0   0  C:\Program Files (x86)\PICC\Drivers\ctype.h
  271    69  12  lcd20x4.c
----- -----
 3059   580 Total

Page ROM  %  RAM    Vol Diff  Functions:
---- --- --- ---    --- ----  ----------
0     40   1    1             @delay_ms1
0    242   3   11   2279 12.7  @MULFF
0     54   1    2             @ITOF
0    618   8   16             @ADDFF
0    346   5   14             @DIVFF
0    560   7   19   1549 12.4  strtof
0     20   0    0             @const1012
0     62   1    1    326  2.8  lcd_send_nibble
0     62   1    3    259  3.8  lcd_send_byte
0     84   1    2    406  4.7  lcd_init
0     66   1    4    386  6.5  lcd_gotoxy
0     72   1    1    308  5.0  lcd_putc
0    100   1    3    279  5.1  RDA_isr
0    336   4   10    579  5.2  MAIN
0     32   0    0    579  5.2  @const1039
0     34   0    2             @PSTRINGC_1025
0     56   1    0             @const1044
0     36   0    2             @PSTRINGC_9600_31766_31767
0     40   1    3             @DIV88
0    172   2    6             @PRINTF_D_1025
0     40   1    2             @PSTRINGR_1025
0     64   1    5             @FTOSD
0    142   2   13             @DIV3232
0    386   5   13             @PRINTF_L32D_1025FPFPF
 Inline         0             @cinit1

Program metrics:
    Functions               10
    Statements              580
    Comments                1005
    Volume (V)              10329
    Difficulty (D)          62.0
    Effort to implement (E) 640896
    Time to implement (T)   9 hours, 53 minutes
    Est Delivered Bugs (B)  2
    Cyclomatic Complexity   37
    Maintainability (MI)    77

 Segment     Used  Free
-----------  ----  ----
00000-00002     4  0  
00004-00006     0  4  
00008-000AC   166  0  
000AE-07FFE  3664  28930  



