
ROM used:   5118/32768 (16%)
            5118/32768 (16%) including unused fragments

            1.5 Average locations per line
            8.8 Average locations per statement

RAM used:   121/2048 (6%) at main() level
            145/2048 (7%) worst case

Stack used: 0 worst case (0 in main + 0 for interrupts)
Stack size: 31

Lines Stmts  %   Files
----- ----- ---  -----
  144    68  12  horno3.c
  877     0   0  C:\Program Files (x86)\PICC\Devices\18F4550.h
  456   100  17  C:\Program Files (x86)\PICC\Drivers\lcd.c
 1354   359  62  C:\Program Files (x86)\PICC\Drivers\stdlib.h
   32     0   0  C:\Program Files (x86)\PICC\Drivers\stddef.h
  435     0   0  C:\Program Files (x86)\PICC\Drivers\string.h
   28     0   0  C:\Program Files (x86)\PICC\Drivers\ctype.h
   89    35   6  get_string.c
   37     0   0  C:\Program Files (x86)\PICC\Drivers\stdio.h
   42    17   3  get_plot.c
----- -----
 3494   579 Total

Page ROM  %  RAM    Vol Diff  Functions:
---- --- --- ---    --- ----  ----------
0     38   0    1    496  8.2  @delay_ms1
0     78   1    3    760  4.5  lcd_read_byte
0     82   1    2    262  3.7  lcd_read_nibble
0     68   1    1    399  2.4  lcd_send_nibble
0     70   1    3    415  3.7  lcd_send_byte
0    124   1    6    852  6.2  lcd_init
0     34   0    4    208  6.3  lcd_gotoxy
0     80   1    1    354  4.7  lcd_putc
0     76   1    2   1075 11.2  @MUL88
0    242   2   13   2308 12.4  @MULFF
0     54   1    2   2354 12.5  @ITOF
0    618   6   23     27  1.5  @ADDFF
0    348   3   14     53  2.6  @DIVFF
0    394   4    9   1815 10.5  atoi
0     86   1    7    470 10.3  read_string
0     78   1   11    282  5.4  read_substring_plot
0    114   1   13    598  7.8  read_plot
0    218   2    1    667  5.2  SET_POINT
0     20   0    0             @const1092
0     30   0    3             @PSTRINGCN_758
0     64   1    5             @FTOSD
0    142   1   15             @DIV3232
0    376   4   13             @PRINTF_L32D_758FPFPF
0     20   0    0             @const1103
0     34   0    2             @PSTRINGC_758
0   1408  14   62   2033  7.5  MAIN
0     20   0    0             @const1127
0     22   0    0             @const1128
0    118   1   10             @FLT
0     58   1    4             @SFTOI
 Inline         0             @cinit1

Program metrics:
    Functions               19
    Statements              579
    Comments                887
    Volume (V)              24620
    Difficulty (D)          125.0
    Effort to implement (E) 3078691
    Time to implement (T)   47 hours, 31 minutes
    Est Delivered Bugs (B)  7
    Cyclomatic Complexity   68
    Maintainability (MI)    32

 Segment     Used  Free
-----------  ----  ----
00000-00002     4  0  
00004-07FFE  5114  27650  



