
ROM used:   6270/32768 (19%)
            6274/32768 (19%) including unused fragments

            0.7 Average locations per line
            6.2 Average locations per statement

RAM used:   465/2048 (23%) at main() level
            509/2048 (25%) worst case

Stack used: 5 worst case (0 in main + 5 for interrupts)
Stack size: 31

Lines Stmts  %   Files
----- ----- ---  -----
  247    94   9  ex_usb_serial.c
  905     1   0  ex_usb_common.h
  877     0   0  C:\Program Files (x86)\PICC 5.104\Devices\18F4550.h
  878   138  14  C:\Program Files (x86)\PICC 5.104\Drivers\usb_cdc.h
  228     0   0  C:\Program Files (x86)\PICC 5.104\Drivers\pic18_usb.h
  328     0   0  C:\Program Files (x86)\PICC 5.104\Drivers\usb_hw_layer.h
  300     0   0  C:\Program Files (x86)\PICC 5.104\Drivers\usb_desc_cdc.h
   39     0   0  C:\Program Files (x86)\PICC 5.104\Drivers\stdbool.h
 1105     0   0  C:\Program Files (x86)\PICC 5.104\Drivers\usb.h
 1193   234  23  C:\Program Files (x86)\PICC 5.104\Drivers\usb.c
  195     0   0  C:\Program Files (x86)\PICC 5.104\Drivers\stdint.h
 1518   304  30  C:\Program Files (x86)\PICC 5.104\Drivers\pic18_usb.c
  435     0   0  C:\Program Files (x86)\PICC 5.104\Drivers\string.h
   32    41   4  C:\Program Files (x86)\PICC 5.104\Drivers\stddef.h
   28   109  11  C:\Program Files (x86)\PICC 5.104\Drivers\ctype.h
  353    93   9  lcd20x4.c
----- -----
 8661  1014 Total

Page ROM  %  RAM    Vol Diff  Functions:
---- --- --- ---    --- ----  ----------
0     40   0    1             @delay_ms1
0     10   0    0             @PUTCHARI_BIU_1
0     24   0    0             @GETCH_BIU_1
0      6   0    1     39  0.8  uart_putc
0     32   0    0             @const860
0     32   0    0             @const863
0     48   0    0             @const866
0     48   0    0             @const869
0     84   1    0             @const872
0     18   0    0             @const875
0     24   0    0             @const878
0     34   0    0             @const883
0     60   0    0             @const886
0     30   0    5             @MUL1616
0     78   1    4    139  4.3  usb_tbe
0     38   0    1    172  3.4  usb_detach
0     46   0    0    236  2.3  usb_attach
0      6   0    0     16  1.0  usb_init_cs
0     36   0    1    375  5.2  usb_task
0    304   2   10    976  5.9  usb_flush_in
0    150   1   10    344  6.1  usb_put_packet
0    228   2    9    914  5.0  usb_flush_out
0     56   0    3     66  2.7  usb_rx_packet_size
0     90   1    6    264  4.6  usb_stall_ep
0    110   1    6    329  4.7  usb_unstall_ep
0    106   1    5    373  6.0  usb_endpoint_stalled
0     22   0    1     94  2.7  usb_set_address
0    422   3   12   1785 11.3  usb_set_configured
0     96   1    5    199  3.2  usb_disable_endpoint
0     22   0    1     99  3.0  usb_disable_endpoints
0      4   0    0     61  4.0  usb_clear_trn
0    114   1    2    656  6.8  usb_isr
0      6   0    0     39  2.0  usb_isr_sof
0     48   0    0    450  4.3  usb_isr_rst
0     42   0    2    458  4.4  usb_init_ep0_setup
0      8   0    0     74  2.8  usb_isr_uerr
0     10   0    0     88  2.5  usb_isr_uidle
0     18   0    0    149  3.5  usb_isr_activity
0     14   0    0    151  3.9  usb_isr_stall
0      6   0    1     30  1.7  usb_request_send_response
0      6   0    0     22  1.2  usb_request_get_data
0      4   0    0     22  1.2  usb_request_stall
0    202   2    3   3308  9.3  usb_isr_tok_dne
0     44   0    3    273  4.0  usb_token_reset
0     66   1    3    305  7.1  usb_endpoint_is_valid
0     34   0    1    212  3.1  usb_isr_tok_in_dne
0     18   0    1    115  2.5  usb_isr_tok_out_dne
0     50   0    0    375  6.4  usb_isr_tok_setup_dne
0    170   1    0   1454  8.3  usb_isr_tkn_setup_StandardDevice
0    140   1    3    933  7.7  usb_isr_tkn_setup_StandardInterface
0     94   1    0    753  5.8  usb_isr_tkn_setup_StandardEndpoint
0    180   1    1   1248 10.7  usb_Get_Descriptor
0     14   0    0     76  1.8  usb_finish_set_address
0    120   1    4    624  8.9  usb_copy_desc_seg_to_ep
0     64   1    0    302  6.2  usb_isr_tok_out_cdc_control_dne
0    144   1    2   1200  8.6  usb_isr_tkn_cdc
0     24   0    0    174  3.6  usb_isr_tok_out_cdc_data_dne
0      6   0    0     81  0.9  usb_isr_tok_in_cdc_data_dne
0    130   1   11    369  8.0  memcmp
0     34   0    0    106  2.9  usb_cdc_flush_tx_buffer
0     60   0    4    280  2.3  usb_cdc_init
0    102   1    2    860  5.3  usb_cdc_serial_state
0     12   0    0     59  2.3  usb_cdc_get_discard
0     56   0    2    232  5.4  usb_cdc_getc
0     48   0    4    228  4.8  _usb_cdc_putc_fast_noflush
0     24   0    1     52  2.0  usb_cdc_putc_fast
0     58   0    1    125  3.7  usb_cdc_putc
0     20   0    0    596  5.9  @const1287
0     70   1    1    328  2.7  lcd_send_nibble
0     68   1    1    389  2.3  lcd_read_nibble
0     36   0    3    167  3.1  lcd_read_byte
0     66   1    3    321  3.9  lcd_send_byte
0     84   1    2    413  4.3  lcd_init
0     66   1    4    386  6.5  lcd_gotoxy
0     72   1    1    308  5.0  lcd_putc
0     46   0    0             @const1324
0     34   0    2             @PSTRINGC_9600_31766_31767
0     48   0    0   1062  5.3  @const1329
0     30   0    0             @const1330
0     60   0    0             @const1331
0     52   0    0             @const1332
0    134   1    3    513  5.5  cdc_serial_state_task
0     28   0    0             @MEMSET
0     32   0    0             @const1340
0      6   0    0             @const1342
0    364   3   44   1500  6.9  MAIN
0     38   0    0             @const1350
0     10   0    0             @const1351
0      6   0    0             @const1352
0     28   0    0             @const1354
0     32   0    2             @PSTRINGC_1309
0     22   0    0             @const1356
0    102   1    0             @const1357
0     34   0    2             @PSTRINGC_751
0     38   0    2             @PSTRINGR_1309
 Inline         0             @cinit1

Program metrics:
    Functions               65
    Statements              1014
    Comments                7649
    Volume (V)              54709
    Difficulty (D)          295.0
    Effort to implement (E) 16138677
    Time to implement (T)   249 hours, 3 minutes
    Est Delivered Bugs (B)  21
    Cyclomatic Complexity   155
    Maintainability (MI)    46

 Segment     Used  Free
-----------  ----  ----
00000-00FFE     0  4096  
01000-01006     4  4  
01008-010AC   166  0  
010AE-07FFE  6100  22398  



