
ROM used:   118/8192 (1%)
            118/8192 (1%) including unused fragments

            0.1 Average locations per line
            9.1 Average locations per statement

RAM used:   8/1024 (1%) at main() level
            20/1024 (2%) worst case

Stack used: 0 worst case (0 in main + 0 for interrupts)
Stack size: 16

Lines Stmts  %   Files
----- ----- ---  -----
   46    13 100  main.c
 2172     0   0  C:\Program Files (x86)\PICC\Devices\16f18855.h
----- -----
 2218    13 Total

Page ROM  %  RAM    Vol Diff  Functions:
---- --- --- ---    --- ----  ----------
0     22  19    1             @delay_ms1
0     93  79    3    323  2.8  main
 Inline         0             @cinit1

Program metrics:
    Functions               1
    Statements              13
    Comments                351
    Volume (V)              328
    Difficulty (D)          2.6
    Effort to implement (E) 864
    Time to implement (T)   1 minutes
    Est Delivered Bugs (B)  0
    Cyclomatic Complexity   1
    Maintainability (MI)    65

 Segment     Used  Free
-----------  ----  ----
00000-00002     3  0  
00003-007FF   115  1930  
00800-00FFF     0  2048  
01000-017FF     0  2048  
01800-01FFF     0  2048  



