
ROM used:   1102/8192 (13%)
            1102/8192 (13%) including unused fragments

            0.5 Average locations per line
            36.7 Average locations per statement

RAM used:   25/1024 (2%) at main() level
            87/1024 (8%) worst case

Stack used: 1 worst case (0 in main + 1 for interrupts)
Stack size: 16

Lines Stmts  %   Files
----- ----- ---  -----
   79    30 100  dimmer.c
 2190     0   0  C:\Program Files (x86)\PICC\Devices\16F18855.h
----- -----
 2269    30 Total

Page ROM  %  RAM    Vol Diff  Functions:
---- --- --- ---    --- ----  ----------
0     22   2    1             @delay_ms1
0     34   3    0    117  3.0  EXT_isr
0     18   2    0     96  2.9  TIMER5_isr
0    447  41   24    154  5.5  map
0    322  29   20             @ADDFF
 Inline        16             @MULFF
 Inline        18             @DIVFF
0    146  13    6    519  3.3  MAIN
0     30   3    2             @ITOF
0     32   3    4             @SFTOI
 Inline         0             @cinit1

Program metrics:
    Functions               4
    Statements              30
    Comments                347
    Volume (V)              1209
    Difficulty (D)          13.3
    Effort to implement (E) 16116
    Time to implement (T)   15 minutes
    Est Delivered Bugs (B)  0
    Cyclomatic Complexity   2
    Maintainability (MI)    156

 Segment     Used  Free
-----------  ----  ----
00000-00002     3  0  
00003-00003     0  1  
00004-00033    48  0  
00034-007FF  1051  945  
00800-00FFF     0  2048  
01000-017FF     0  2048  
01800-01FFF     0  2048  



