
ROM used:   1852/8192 (23%)
            1852/8192 (23%) including unused fragments

            0.3 Average locations per line
            11.9 Average locations per statement

RAM used:   17/1024 (2%) at main() level
            56/1024 (5%) worst case

Stack used: 6 worst case (6 in main + 0 for interrupts)
Stack size: 16

Lines Stmts  %   Files
----- ----- ---  -----
   84    35  23  main.c
 2172     0   0  C:\Program Files (x86)\PICC\Devices\16f18855.h
 4134     0   0  PIC16F18855_registe.h
  235    85  55  LCD_i2c.c
   61    35  23  DS18b20yo.c
----- -----
 6686   155 Total

Page ROM  %  RAM    Vol Diff  Functions:
---- --- --- ---    --- ----  ----------
0     21   1    1             @delay_ms1
0     18   1    1             @delay_us1
0     51   3    3             @I2C_READ_129
0     54   3    1             @I2C_WRITE_129
0      5   0    0             @const3763
0     43   2    2    104  2.1  Write_PCF
0     59   3    4    851  5.4  Send_D7_D4
0     18   1    3     98  2.8  lcd_send_byte
0     81   4    2    538  5.7  lcd_init
 Inline         4    467  6.5  lcd_gotoxy
0     77   4    2    307  5.1  lcd_putc
0     15   1    2     56  2.1  CGRAM_x
0     19   1    1     86  1.3  onewire_reset
0     31   2    2    272  4.3  onewire_write
0     31   2    2    279  4.6  onewire_read
0    312  17   13    447  4.3  ds18b20_read
 Inline         2             @SITOF
 Inline        14             @DIVFF
0      9   0    0   1203  6.4  @const3809
0    303  16    8   1102  5.4  MAIN
0      8   0    0             @const3817
0     75   4    3             @PSTRINGC7_3780
0     13   1    0             @const3823
0     80   4    6             @PSTRINGCN7_3780
 Inline        16             @MULFF
 Inline         5             @FTOSD
0     77   4   16             @DIV3232
0    341  18   13             @PRINTF_L32D_3780FPFPF
0     21   1    3             @DIV88
0     87   5    9             @PRINTF_D_3780
 Inline         0             @cinit1

Program metrics:
    Functions               13
    Statements              155
    Comments                451
    Volume (V)              9202
    Difficulty (D)          54.9
    Effort to implement (E) 504954
    Time to implement (T)   7 hours, 48 minutes
    Est Delivered Bugs (B)  2
    Cyclomatic Complexity   19
    Maintainability (MI)    111

 Segment     Used  Free
-----------  ----  ----
00000-00002     3  0  
00003-007FF  1849  196  
00800-00FFF     0  2048  
01000-017FF     0  2048  
01800-01FFF     0  2048  



